<?xml version="1.0" encoding="UTF-8"?>
<testng-results ignored="0" total="1" passed="0" failed="1" skipped="0">
  <reporter-output>
  </reporter-output>
  <suite started-at="2023-05-06T18:53:48 IST" name="Default suite" finished-at="2023-05-06T18:54:40 IST" duration-ms="51495">
    <groups>
    </groups>
    <test started-at="2023-05-06T18:53:48 IST" name="Default test" finished-at="2023-05-06T18:54:40 IST" duration-ms="51495">
      <class name="NaukariUN_POM.Naukari_Test">
        <test-method is-config="true" signature="openBrowser()[pri:0, instance:NaukariUN_POM.Naukari_Test@6404f418]" started-at="2023-05-06T18:53:48 IST" name="openBrowser" finished-at="2023-05-06T18:54:22 IST" duration-ms="33435" status="PASS">
          <reporter-output>
          </reporter-output>
        </test-method> <!-- openBrowser -->
        <test-method is-config="true" signature="LogintoPage()[pri:0, instance:NaukariUN_POM.Naukari_Test@6404f418]" started-at="2023-05-06T18:54:22 IST" name="LogintoPage" finished-at="2023-05-06T18:54:38 IST" duration-ms="16567" status="PASS">
          <reporter-output>
          </reporter-output>
        </test-method> <!-- LogintoPage -->
        <test-method signature="Varify_UN()[pri:0, instance:NaukariUN_POM.Naukari_Test@6404f418]" started-at="2023-05-06T18:54:38 IST" name="Varify_UN" finished-at="2023-05-06T18:54:39 IST" duration-ms="144" status="FAIL">
          <exception class="java.lang.AssertionError">
            <message>
              <![CDATA[expected [rohit smore] but found [rohit sm]]]>
            </message>
            <full-stacktrace>
              <![CDATA[java.lang.AssertionError: expected [rohit smore] but found [rohit sm]
at org.testng.Assert.fail(Assert.java:99)
at org.testng.Assert.failNotEquals(Assert.java:1037)
at org.testng.Assert.assertEqualsImpl(Assert.java:140)
at org.testng.Assert.assertEquals(Assert.java:122)
at org.testng.Assert.assertEquals(Assert.java:629)
at org.testng.Assert.assertEquals(Assert.java:639)
at NaukariUN_POM.Profile_Naukari.VerifyUN(Profile_Naukari.java:30)
at NaukariUN_POM.Naukari_Test.Varify_UN(Naukari_Test.java:40)
at java.base/jdk.internal.reflect.NativeMethodAccessorImpl.invoke0(Native Method)
at java.base/jdk.internal.reflect.NativeMethodAccessorImpl.invoke(NativeMethodAccessorImpl.java:77)
at java.base/jdk.internal.reflect.DelegatingMethodAccessorImpl.invoke(DelegatingMethodAccessorImpl.java:43)
at java.base/java.lang.reflect.Method.invoke(Method.java:568)
at org.testng.internal.MethodInvocationHelper.invokeMethod(MethodInvocationHelper.java:133)
at org.testng.internal.TestInvoker.invokeMethod(TestInvoker.java:598)
at org.testng.internal.TestInvoker.invokeTestMethod(TestInvoker.java:173)
at org.testng.internal.MethodRunner.runInSequence(MethodRunner.java:46)
at org.testng.internal.TestInvoker$MethodInvocationAgent.invoke(TestInvoker.java:824)
at org.testng.internal.TestInvoker.invokeTestMethods(TestInvoker.java:146)
at org.testng.internal.TestMethodWorker.invokeTestMethods(TestMethodWorker.java:146)
at org.testng.internal.TestMethodWorker.run(TestMethodWorker.java:128)
at java.base/java.util.ArrayList.forEach(ArrayList.java:1511)
at org.testng.TestRunner.privateRun(TestRunner.java:794)
at org.testng.TestRunner.run(TestRunner.java:596)
at org.testng.SuiteRunner.runTest(SuiteRunner.java:377)
at org.testng.SuiteRunner.runSequentially(SuiteRunner.java:371)
at org.testng.SuiteRunner.privateRun(SuiteRunner.java:332)
at org.testng.SuiteRunner.run(SuiteRunner.java:276)
at org.testng.SuiteRunnerWorker.runSuite(SuiteRunnerWorker.java:53)
at org.testng.SuiteRunnerWorker.run(SuiteRunnerWorker.java:96)
at org.testng.TestNG.runSuitesSequentially(TestNG.java:1212)
at org.testng.TestNG.runSuitesLocally(TestNG.java:1134)
at org.testng.TestNG.runSuites(TestNG.java:1063)
at org.testng.TestNG.run(TestNG.java:1031)
at org.testng.remote.AbstractRemoteTestNG.run(AbstractRemoteTestNG.java:115)
at org.testng.remote.RemoteTestNG.initAndRun(RemoteTestNG.java:251)
at org.testng.remote.RemoteTestNG.main(RemoteTestNG.java:77)
]]>
            </full-stacktrace>
          </exception> <!-- java.lang.AssertionError -->
          <reporter-output>
          </reporter-output>
        </test-method> <!-- Varify_UN -->
        <test-method is-config="true" signature="LogoutBrowser()[pri:0, instance:NaukariUN_POM.Naukari_Test@6404f418]" started-at="2023-05-06T18:54:39 IST" name="LogoutBrowser" finished-at="2023-05-06T18:54:39 IST" duration-ms="626" status="PASS">
          <reporter-output>
          </reporter-output>
        </test-method> <!-- LogoutBrowser -->
        <test-method is-config="true" signature="closeBrowser()[pri:0, instance:NaukariUN_POM.Naukari_Test@6404f418]" started-at="2023-05-06T18:54:39 IST" name="closeBrowser" finished-at="2023-05-06T18:54:40 IST" duration-ms="529" status="PASS">
          <reporter-output>
          </reporter-output>
        </test-method> <!-- closeBrowser -->
      </class> <!-- NaukariUN_POM.Naukari_Test -->
    </test> <!-- Default test -->
  </suite> <!-- Default suite -->
</testng-results>
